<?xml version="1.0" encoding="UTF-8"?>
<!-- Generated by org.testng.reporters.JUnitReportReporter -->
<testsuite hostname="Nuis-MBP" failures="0" tests="1" name="test.homepageFunctionalityTest" time="3.236" errors="0" timestamp="2023-01-10T13:22:35 PST" skipped="0">
  <testcase classname="test.homepageFunctionalityTest" name="HomePage_TC001_Login" time="3.236"/>
  <system-out/>
</testsuite> <!-- test.homepageFunctionalityTest -->
