<?xml version="1.0" encoding="UTF-8"?>
<!-- Generated by org.testng.reporters.JUnitReportReporter -->
<testsuite hostname="Nuis-MBP" failures="0" tests="1" name="test.cartpageFunctionalityTest" time="4.219" errors="0" timestamp="2023-01-13T15:27:08 PST" skipped="0">
  <testcase classname="test.cartpageFunctionalityTest" name="CartPage_TC001_checkItemsAndRemove" time="4.219"/>
  <system-out/>
</testsuite> <!-- test.cartpageFunctionalityTest -->
