<?xml version="1.0" encoding="UTF-8"?>
<!-- Generated by org.testng.reporters.JUnitReportReporter -->
<testsuite hostname="Nuis-MBP" failures="0" tests="2" name="test.productpageFunctionalityTest" time="3.029" errors="0" timestamp="2023-01-11T12:06:08 PST" skipped="0">
  <testcase classname="test.productpageFunctionalityTest" name="productPage_TC002_addToCart" time="0.299"/>
  <system-out/>
  <testcase classname="test.productpageFunctionalityTest" name="productPage_TC001_productLists" time="2.730"/>
  <system-out/>
</testsuite> <!-- test.productpageFunctionalityTest -->
