<?xml version="1.0" encoding="UTF-8"?>
<!-- Generated by org.testng.reporters.JUnitReportReporter -->
<testsuite hostname="Nuis-MBP" failures="0" tests="1" name="test.cartpageFunctionalty" time="6.495" errors="0" timestamp="2023-01-13T13:56:27 PST" skipped="0">
  <testcase classname="test.cartpageFunctionalty" name="CartPage_TC001_checkItemsAndRemove" time="6.495"/>
  <system-out/>
</testsuite> <!-- test.cartpageFunctionalty -->
